<?xml version="1.0" encoding="UTF-8"?><testsuite errors="1" failures="0" name="Register" skipped="0" tests="1" time="11.19" timestamp="2022-11-03 09:04:24"><testcase name="Register"><error message="element click intercepted: Element &lt;input type=&quot;checkbox&quot; class=&quot;woocommerce-form__input woocommerce-form__input-checkbox input-checkbox&quot; name=&quot;newsletter_authorization&quot; id=&quot;newsletter_authorization&quot;&gt; is not clickable at point (748, 601). Other element would receive the click: &lt;div class=&quot;message_bar&quot;&gt;...&lt;/div&gt;&#10;  (Session info: chrome=106.0.5249.119)&#10;Build info: version: '3.141.59', revision: 'e82be7d358', time: '2018-11-14T08:17:03'&#10;System info: host: 'QV-3978', ip: '192.168.1.7', os.name: 'Windows 10', os.arch: 'amd64', os.version: '10.0', java.version: '1.8.0_352'&#10;Driver info: org.openqa.selenium.chrome.ChromeDriver&#10;Capabilities {acceptInsecureCerts: false, browserName: chrome, browserVersion: 106.0.5249.119, chrome: {chromedriverVersion: 106.0.5249.61 (511755355844..., userDataDir: C:\Users\SCASTA~1\AppData\L...}, goog:chromeOptions: {debuggerAddress: localhost:49508}, javascriptEnabled: true, networkConnectionEnabled: false, pageLoadStrategy: normal, platform: WINDOWS, platformName: WINDOWS, proxy: Proxy(), setWindowRect: true, strictFileInteractability: false, timeouts: {implicit: 0, pageLoad: 300000, script: 30000}, unhandledPromptBehavior: dismiss and notify, webauthn:extension:credBlob: true, webauthn:extension:largeBlob: true, webauthn:virtualAuthenticators: true}&#10;Session ID: 2561f9e0a7ca70c4872900c91168b303" type="org.openqa.selenium.ElementClickInterceptedException">element click intercepted: Element &lt;input type="checkbox" class="woocommerce-form__input woocommerce-form__input-checkbox input-checkbox" name="newsletter_authorization" id="newsletter_authorization"&gt; is not clickable at point (748, 601). Other element would receive the click: &lt;div class="message_bar"&gt;...&lt;/div&gt;
  (Session info: chrome=106.0.5249.119)
Build info: version: '3.141.59', revision: 'e82be7d358', time: '2018-11-14T08:17:03'
System info: host: 'QV-3978', ip: '192.168.1.7', os.name: 'Windows 10', os.arch: 'amd64', os.version: '10.0', java.version: '1.8.0_352'
Driver info: org.openqa.selenium.chrome.ChromeDriver
Capabilities {acceptInsecureCerts: false, browserName: chrome, browserVersion: 106.0.5249.119, chrome: {chromedriverVersion: 106.0.5249.61 (511755355844..., userDataDir: C:\Users\SCASTA~1\AppData\L...}, goog:chromeOptions: {debuggerAddress: localhost:49508}, javascriptEnabled: true, networkConnectionEnabled: false, pageLoadStrategy: normal, platform: WINDOWS, platformName: WINDOWS, proxy: Proxy(), setWindowRect: true, strictFileInteractability: false, timeouts: {implicit: 0, pageLoad: 300000, script: 30000}, unhandledPromptBehavior: dismiss and notify, webauthn:extension:credBlob: true, webauthn:extension:largeBlob: true, webauthn:virtualAuthenticators: true}
Session ID: 2561f9e0a7ca70c4872900c91168b303</error><system-err>element click intercepted: Element &lt;input type="checkbox" class="woocommerce-form__input woocommerce-form__input-checkbox input-checkbox" name="newsletter_authorization" id="newsletter_authorization"&gt; is not clickable at point (748, 601). Other element would receive the click: &lt;div class="message_bar"&gt;...&lt;/div&gt;
  (Session info: chrome=106.0.5249.119)
Build info: version: '3.141.59', revision: 'e82be7d358', time: '2018-11-14T08:17:03'
System info: host: 'QV-3978', ip: '192.168.1.7', os.name: 'Windows 10', os.arch: 'amd64', os.version: '10.0', java.version: '1.8.0_352'
Driver info: org.openqa.selenium.chrome.ChromeDriver
Capabilities {acceptInsecureCerts: false, browserName: chrome, browserVersion: 106.0.5249.119, chrome: {chromedriverVersion: 106.0.5249.61 (511755355844..., userDataDir: C:\Users\SCASTA~1\AppData\L...}, goog:chromeOptions: {debuggerAddress: localhost:49508}, javascriptEnabled: true, networkConnectionEnabled: false, pageLoadStrategy: normal, platform: WINDOWS, platformName: WINDOWS, proxy: Proxy(), setWindowRect: true, strictFileInteractability: false, timeouts: {implicit: 0, pageLoad: 300000, script: 30000}, unhandledPromptBehavior: dismiss and notify, webauthn:extension:credBlob: true, webauthn:extension:largeBlob: true, webauthn:virtualAuthenticators: true}
Session ID: 2561f9e0a7ca70c4872900c91168b303&#13;
com.co.bonbonite.tasks.RegisterTask.performAs(RegisterTask.java:44)&#13;
com.co.bonbonite.stepsdefinitions.RegisterStepDefinition.heUserFillsInTheCorresponding(RegisterStepDefinition.java:45)&#13;
cucumber.runner.Runner.runPickle(Runner.java:80)&#13;
</system-err></testcase></testsuite>